[    64.473] _XSERVTransSocketUNIXCreateListener: ...SocketCreateListener() failed
[    64.474] _XSERVTransMakeAllCOTSServerListeners: server already running
[    64.474] (--) Log file renamed from "/home/ahmetefe/.local/share/xorg/Xorg.pid-1025.log" to "/home/ahmetefe/.local/share/xorg/Xorg.1.log"
[    64.475] 
X.Org X Server 1.20.10
X Protocol Version 11, Revision 0
[    64.475] Build Operating System: Linux 4.19.0-13-amd64 x86_64 Debian
[    64.475] Current Operating System: Linux kali 5.10.0-kali3-amd64 #1 SMP Debian 5.10.13-1kali1 (2021-02-08) x86_64
[    64.475] Kernel command line: BOOT_IMAGE=/boot/vmlinuz-5.10.0-kali3-amd64 root=UUID=33bdbfef-41b8-4b0b-a174-fb2ab09a73ae ro quiet splash
[    64.475] Build Date: 06 January 2021  09:33:33AM
[    64.475] xorg-server 2:1.20.10-2 (https://www.debian.org/support) 
[    64.475] Current version of pixman: 0.40.0
[    64.475] 	Before reporting problems, check http://wiki.x.org
	to make sure that you have the latest version.
[    64.475] Markers: (--) probed, (**) from config file, (==) default setting,
	(++) from command line, (!!) notice, (II) informational,
	(WW) warning, (EE) error, (NI) not implemented, (??) unknown.
[    64.475] (==) Log file: "/home/ahmetefe/.local/share/xorg/Xorg.1.log", Time: Wed Apr 14 22:07:22 2021
[    64.475] (==) Using system config directory "/usr/share/X11/xorg.conf.d"
[    64.475] (==) No Layout section.  Using the first Screen section.
[    64.475] (==) No screen section available. Using defaults.
[    64.475] (**) |-->Screen "Default Screen Section" (0)
[    64.475] (**) |   |-->Monitor "<default monitor>"
[    64.483] (==) No monitor specified for screen "Default Screen Section".
	Using a default monitor configuration.
[    64.483] (==) Automatically adding devices
[    64.483] (==) Automatically enabling devices
[    64.483] (==) Automatically adding GPU devices
[    64.483] (==) Max clients allowed: 256, resource mask: 0x1fffff
[    64.483] (WW) The directory "/usr/share/fonts/X11/cyrillic" does not exist.
[    64.483] 	Entry deleted from font path.
[    64.483] (==) FontPath set to:
	/usr/share/fonts/X11/misc,
	/usr/share/fonts/X11/100dpi/:unscaled,
	/usr/share/fonts/X11/75dpi/:unscaled,
	/usr/share/fonts/X11/Type1,
	/usr/share/fonts/X11/100dpi,
	/usr/share/fonts/X11/75dpi,
	built-ins
[    64.483] (==) ModulePath set to "/usr/lib/xorg/modules"
[    64.483] (II) The server relies on udev to provide the list of input devices.
	If no devices become available, reconfigure udev or disable AutoAddDevices.
[    64.483] (II) Loader magic: 0x558e04f30e40
[    64.483] (II) Module ABI versions:
[    64.483] 	X.Org ANSI C Emulation: 0.4
[    64.483] 	X.Org Video Driver: 24.1
[    64.483] 	X.Org XInput driver : 24.1
[    64.483] 	X.Org Server Extension : 10.0
[    64.486] (++) using VT number 2

[    64.489] (II) systemd-logind: took control of session /org/freedesktop/login1/session/_32
[    64.495] (II) xfree86: Adding drm device (/dev/dri/card0)
[    64.498] (II) systemd-logind: got fd for /dev/dri/card0 226:0 fd 15 paused 0
[    64.505] (--) PCI:*(0@0:2:0) 15ad:0405:15ad:0405 rev 0, Mem @ 0xe0000000/16777216, 0xf0000000/2097152, I/O @ 0x0000d010/16, BIOS @ 0x????????/131072
[    64.505] (II) LoadModule: "glx"
[    64.505] (II) Loading /usr/lib/xorg/modules/extensions/libglx.so
[    64.532] (II) Module glx: vendor="X.Org Foundation"
[    64.533] 	compiled for 1.20.10, module version = 1.0.0
[    64.533] 	ABI class: X.Org Server Extension, version 10.0
[    64.533] (==) Matched vmware as autoconfigured driver 0
[    64.534] (==) Matched modesetting as autoconfigured driver 1
[    64.534] (==) Matched fbdev as autoconfigured driver 2
[    64.534] (==) Matched vesa as autoconfigured driver 3
[    64.534] (==) Assigned the driver to the xf86ConfigLayout
[    64.534] (II) LoadModule: "vmware"
[    64.537] (II) Loading /usr/lib/xorg/modules/drivers/vmware_drv.so
[    64.670] (II) Module vmware: vendor="X.Org Foundation"
[    64.670] 	compiled for 1.20.8, module version = 13.3.0
[    64.670] 	Module class: X.Org Video Driver
[    64.671] 	ABI class: X.Org Video Driver, version 24.1
[    64.671] (II) LoadModule: "modesetting"
[    64.671] (II) Loading /usr/lib/xorg/modules/drivers/modesetting_drv.so
[    64.671] (II) Module modesetting: vendor="X.Org Foundation"
[    64.671] 	compiled for 1.20.10, module version = 1.20.10
[    64.671] 	Module class: X.Org Video Driver
[    64.671] 	ABI class: X.Org Video Driver, version 24.1
[    64.671] (II) LoadModule: "fbdev"
[    64.671] (II) Loading /usr/lib/xorg/modules/drivers/fbdev_drv.so
[    64.675] (II) Module fbdev: vendor="X.Org Foundation"
[    64.675] 	compiled for 1.20.0, module version = 0.5.0
[    64.675] 	Module class: X.Org Video Driver
[    64.675] 	ABI class: X.Org Video Driver, version 24.0
[    64.675] (II) LoadModule: "vesa"
[    64.675] (II) Loading /usr/lib/xorg/modules/drivers/vesa_drv.so
[    64.676] (II) Module vesa: vendor="X.Org Foundation"
[    64.676] 	compiled for 1.20.9, module version = 2.5.0
[    64.676] 	Module class: X.Org Video Driver
[    64.676] 	ABI class: X.Org Video Driver, version 24.1
[    64.676] (II) vmware: driver for VMware SVGA: vmware0405, vmware0710
[    64.676] (II) modesetting: Driver for Modesetting Kernel Drivers: kms
[    64.676] (II) FBDEV: driver for framebuffer: fbdev
[    64.676] (II) VESA: driver for VESA chipsets: vesa
[    64.677] xf86EnableIOPorts: failed to set IOPL for I/O (Operation not permitted)
[    64.677] (WW) Falling back to old probe method for modesetting
[    64.677] (WW) Falling back to old probe method for fbdev
[    64.677] (II) Loading sub module "fbdevhw"
[    64.677] (II) LoadModule: "fbdevhw"
[    64.678] (II) Loading /usr/lib/xorg/modules/libfbdevhw.so
[    64.678] (II) Module fbdevhw: vendor="X.Org Foundation"
[    64.678] 	compiled for 1.20.10, module version = 0.0.2
[    64.678] 	ABI class: X.Org Video Driver, version 24.1
[    64.680] (WW) VGA arbiter: cannot open kernel arbiter, no multi-card support
[    64.680] (II) vmware(0): Creating default Display subsection in Screen section
	"Default Screen Section" for depth/fbbpp 24/32
[    64.680] (--) vmware(0): DRM driver version is 2.18.0
[    64.680] (==) vmware(0): Depth 24, (--) framebuffer bpp 32
[    64.680] (==) vmware(0): RGB weight 888
[    64.680] (==) vmware(0): Default visual is TrueColor
[    64.680] (--) vmware(0): Min width 1, Max Width 8192.
[    64.680] (--) vmware(0): Min height 1, Max Height 8192.
[    64.680] (II) vmware(0): Output Virtual1 has no monitor section
[    64.680] (II) vmware(0): Output Virtual2 has no monitor section
[    64.681] (II) vmware(0): Output Virtual3 has no monitor section
[    64.681] (II) vmware(0): Output Virtual4 has no monitor section
[    64.681] (II) vmware(0): Output Virtual5 has no monitor section
[    64.681] (II) vmware(0): Output Virtual6 has no monitor section
[    64.681] (II) vmware(0): Output Virtual7 has no monitor section
[    64.681] (II) vmware(0): Output Virtual8 has no monitor section
[    64.681] (II) vmware(0): Printing probed modes for output Virtual1
[    64.681] (II) vmware(0): Modeline "800x600"x60.0   42.75  800 850 900 950  600 650 700 750 -hsync +vsync (45.0 kHz eP)
[    64.681] (II) vmware(0): Modeline "2560x1600"x60.0  348.50  2560 2752 3032 3504  1600 1603 1609 1658 -hsync +vsync (99.5 kHz e)
[    64.681] (II) vmware(0): Modeline "1920x1440"x60.0  234.00  1920 2048 2256 2600  1440 1441 1444 1500 -hsync +vsync (90.0 kHz e)
[    64.681] (II) vmware(0): Modeline "1856x1392"x60.0  218.25  1856 1952 2176 2528  1392 1393 1396 1439 -hsync +vsync (86.3 kHz e)
[    64.681] (II) vmware(0): Modeline "1792x1344"x60.0  204.75  1792 1920 2120 2448  1344 1345 1348 1394 -hsync +vsync (83.6 kHz e)
[    64.681] (II) vmware(0): Modeline "1920x1200"x59.9  193.25  1920 2056 2256 2592  1200 1203 1209 1245 -hsync +vsync (74.6 kHz e)
[    64.681] (II) vmware(0): Modeline "1600x1200"x60.0  162.00  1600 1664 1856 2160  1200 1201 1204 1250 +hsync +vsync (75.0 kHz e)
[    64.681] (II) vmware(0): Modeline "1680x1050"x60.0  146.25  1680 1784 1960 2240  1050 1053 1059 1089 -hsync +vsync (65.3 kHz e)
[    64.681] (II) vmware(0): Modeline "1400x1050"x60.0  121.75  1400 1488 1632 1864  1050 1053 1057 1089 -hsync +vsync (65.3 kHz e)
[    64.681] (II) vmware(0): Modeline "1280x1024"x60.0  108.00  1280 1328 1440 1688  1024 1025 1028 1066 +hsync +vsync (64.0 kHz e)
[    64.681] (II) vmware(0): Modeline "1440x900"x59.9  106.50  1440 1520 1672 1904  900 903 909 934 -hsync +vsync (55.9 kHz e)
[    64.681] (II) vmware(0): Modeline "1280x960"x60.0  108.00  1280 1376 1488 1800  960 961 964 1000 +hsync +vsync (60.0 kHz e)
[    64.681] (II) vmware(0): Modeline "1360x768"x60.0   85.50  1360 1424 1536 1792  768 771 777 795 +hsync +vsync (47.7 kHz e)
[    64.681] (II) vmware(0): Modeline "1280x800"x59.8   83.50  1280 1352 1480 1680  800 803 809 831 +hsync -vsync (49.7 kHz e)
[    64.681] (II) vmware(0): Modeline "1152x864"x75.0  108.00  1152 1216 1344 1600  864 865 868 900 +hsync +vsync (67.5 kHz e)
[    64.681] (II) vmware(0): Modeline "1280x768"x59.9   79.50  1280 1344 1472 1664  768 771 778 798 -hsync +vsync (47.8 kHz e)
[    64.681] (II) vmware(0): Modeline "1024x768"x60.0   65.00  1024 1048 1184 1344  768 771 777 806 -hsync -vsync (48.4 kHz e)
[    64.681] (II) vmware(0): Modeline "800x600"x60.3   40.00  800 840 968 1056  600 601 605 628 +hsync +vsync (37.9 kHz e)
[    64.681] (II) vmware(0): Modeline "640x480"x59.9   25.18  640 656 752 800  480 489 492 525 -hsync -vsync (31.5 kHz e)
[    64.681] (II) vmware(0): EDID for output Virtual2
[    64.681] (II) vmware(0): EDID for output Virtual3
[    64.682] (II) vmware(0): EDID for output Virtual4
[    64.682] (II) vmware(0): EDID for output Virtual5
[    64.682] (II) vmware(0): EDID for output Virtual6
[    64.682] (II) vmware(0): EDID for output Virtual7
[    64.682] (II) vmware(0): EDID for output Virtual8
[    64.682] (II) vmware(0): Output Virtual1 connected
[    64.682] (II) vmware(0): Output Virtual2 disconnected
[    64.682] (II) vmware(0): Output Virtual3 disconnected
[    64.682] (II) vmware(0): Output Virtual4 disconnected
[    64.682] (II) vmware(0): Output Virtual5 disconnected
[    64.682] (II) vmware(0): Output Virtual6 disconnected
[    64.682] (II) vmware(0): Output Virtual7 disconnected
[    64.682] (II) vmware(0): Output Virtual8 disconnected
[    64.682] (II) vmware(0): Using exact sizes for initial modes
[    64.682] (II) vmware(0): Output Virtual1 using initial mode 800x600 +0+0
[    64.682] (==) vmware(0): DPI set to (96, 96)
[    64.682] (==) vmware(0): Using gamma correction (1.0, 1.0, 1.0)
[    64.682] (II) Loading sub module "fb"
[    64.682] (II) LoadModule: "fb"
[    64.682] (II) Loading /usr/lib/xorg/modules/libfb.so
[    64.682] (II) Module fb: vendor="X.Org Foundation"
[    64.682] 	compiled for 1.20.10, module version = 1.0.0
[    64.682] 	ABI class: X.Org ANSI C Emulation, version 0.4
[    64.682] (II) Loading sub module "dri2"
[    64.682] (II) LoadModule: "dri2"
[    64.682] (II) Module "dri2" already built-in
[    64.682] (II) Loading sub module "dri3"
[    64.682] (II) LoadModule: "dri3"
[    64.682] (II) Module "dri3" already built-in
[    64.682] (II) UnloadModule: "modesetting"
[    64.682] (II) Unloading modesetting
[    64.683] (II) UnloadModule: "fbdev"
[    64.683] (II) Unloading fbdev
[    64.683] (II) UnloadSubModule: "fbdevhw"
[    64.683] (II) Unloading fbdevhw
[    64.683] (II) UnloadModule: "vesa"
[    64.683] (II) Unloading vesa
[    64.683] (II) vmware(0): Initialized VMWARE_CTRL extension version 0.2
[    64.692] (WW) vmware(0): Failed to initialize Gallium3D Xa. No render acceleration available.
[    64.692] (WW) vmware(0): Skipped initialization of direct rendering due to lack of render acceleration.
[    64.692] (--) vmware(0): Render acceleration is disabled.
[    64.692] (==) vmware(0): Rendercheck mode is disabled.
[    64.692] (--) vmware(0): Direct rendering (DRI2 3D) is disabled.
[    64.692] (--) vmware(0): Direct rendering (DRI3 3D) is disabled.
[    64.692] (==) vmware(0): Backing store enabled
[    64.692] (==) vmware(0): Silken mouse enabled
[    64.701] (==) vmware(0): DPMS enabled
[    64.701] (II) vmware(0): No 3D acceleration. Not setting up textured video.
[    64.701] (WW) vmware(0): Disabling Xv because no adaptors could be initialized.
[    64.701] (II) Initializing extension Generic Event Extension
[    64.701] (II) Initializing extension SHAPE
[    64.701] (II) Initializing extension MIT-SHM
[    64.701] (II) Initializing extension XInputExtension
[    64.702] (II) Initializing extension XTEST
[    64.702] (II) Initializing extension BIG-REQUESTS
[    64.702] (II) Initializing extension SYNC
[    64.702] (II) Initializing extension XKEYBOARD
[    64.702] (II) Initializing extension XC-MISC
[    64.703] (II) Initializing extension SECURITY
[    64.703] (II) Initializing extension XFIXES
[    64.703] (II) Initializing extension RENDER
[    64.703] (II) Initializing extension RANDR
[    64.703] (II) Initializing extension COMPOSITE
[    64.707] (II) Initializing extension DAMAGE
[    64.707] (II) Initializing extension MIT-SCREEN-SAVER
[    64.710] (II) Initializing extension DOUBLE-BUFFER
[    64.710] (II) Initializing extension RECORD
[    64.710] (II) Initializing extension DPMS
[    64.710] (II) Initializing extension Present
[    64.710] (II) Initializing extension DRI3
[    64.710] (II) Initializing extension X-Resource
[    64.710] (II) Initializing extension XVideo
[    64.711] (II) Initializing extension XVideo-MotionCompensation
[    64.711] (II) Initializing extension SELinux
[    64.711] (II) SELinux: Disabled on system
[    64.711] (II) Initializing extension GLX
[    64.711] (II) AIGLX: Screen 0 is not DRI2 capable
[    64.746] (II) IGLX: Loaded and initialized swrast
[    64.746] (II) GLX: Initialized DRISWRAST GL provider for screen 0
[    64.746] (II) Initializing extension XFree86-VidModeExtension
[    64.746] (II) Initializing extension XFree86-DGA
[    64.746] (II) Initializing extension XFree86-DRI
[    64.746] (II) Initializing extension DRI2
[    64.763] (II) vmware(0): Setting screen physical size to 211 x 158
[    64.944] (II) config/udev: Adding input device Power Button (/dev/input/event1)
[    64.945] (**) Power Button: Applying InputClass "libinput keyboard catchall"
[    64.945] (II) LoadModule: "libinput"
[    64.946] (II) Loading /usr/lib/xorg/modules/input/libinput_drv.so
[    64.948] (II) Module libinput: vendor="X.Org Foundation"
[    64.948] 	compiled for 1.20.8, module version = 0.30.0
[    64.949] 	Module class: X.Org XInput Driver
[    64.949] 	ABI class: X.Org XInput driver, version 24.1
[    64.949] (II) Using input driver 'libinput' for 'Power Button'
[    64.952] (II) systemd-logind: got fd for /dev/input/event1 13:65 fd 23 paused 0
[    64.952] (**) Power Button: always reports core events
[    64.952] (**) Option "Device" "/dev/input/event1"
[    64.952] (**) Option "_source" "server/udev"
[    64.959] (II) event1  - Power Button: is tagged by udev as: Keyboard
[    64.959] (II) event1  - Power Button: device is a keyboard
[    64.959] (II) event1  - Power Button: device removed
[    64.960] (**) Option "config_info" "udev:/sys/devices/LNXSYSTM:00/LNXPWRBN:00/input/input2/event1"
[    64.960] (II) XINPUT: Adding extended input device "Power Button" (type: KEYBOARD, id 6)
[    64.960] (**) Option "xkb_model" "pc105"
[    64.961] (**) Option "xkb_layout" "tr"
[    65.007] (II) event1  - Power Button: is tagged by udev as: Keyboard
[    65.007] (II) event1  - Power Button: device is a keyboard
[    65.009] (II) config/udev: Adding input device Sleep Button (/dev/input/event3)
[    65.009] (**) Sleep Button: Applying InputClass "libinput keyboard catchall"
[    65.009] (II) Using input driver 'libinput' for 'Sleep Button'
[    65.011] (II) systemd-logind: got fd for /dev/input/event3 13:67 fd 26 paused 0
[    65.011] (**) Sleep Button: always reports core events
[    65.011] (**) Option "Device" "/dev/input/event3"
[    65.011] (**) Option "_source" "server/udev"
[    65.013] (II) event3  - Sleep Button: is tagged by udev as: Keyboard
[    65.013] (II) event3  - Sleep Button: device is a keyboard
[    65.013] (II) event3  - Sleep Button: device removed
[    65.013] (**) Option "config_info" "udev:/sys/devices/LNXSYSTM:00/LNXSLPBN:00/input/input4/event3"
[    65.013] (II) XINPUT: Adding extended input device "Sleep Button" (type: KEYBOARD, id 7)
[    65.013] (**) Option "xkb_model" "pc105"
[    65.013] (**) Option "xkb_layout" "tr"
[    65.014] (II) event3  - Sleep Button: is tagged by udev as: Keyboard
[    65.014] (II) event3  - Sleep Button: device is a keyboard
[    65.017] (II) config/udev: Adding input device Video Bus (/dev/input/event2)
[    65.018] (**) Video Bus: Applying InputClass "libinput keyboard catchall"
[    65.018] (II) Using input driver 'libinput' for 'Video Bus'
[    65.020] (II) systemd-logind: got fd for /dev/input/event2 13:66 fd 27 paused 0
[    65.020] (**) Video Bus: always reports core events
[    65.020] (**) Option "Device" "/dev/input/event2"
[    65.020] (**) Option "_source" "server/udev"
[    65.022] (II) event2  - Video Bus: is tagged by udev as: Keyboard
[    65.022] (II) event2  - Video Bus: device is a keyboard
[    65.022] (II) event2  - Video Bus: device removed
[    65.022] (**) Option "config_info" "udev:/sys/devices/LNXSYSTM:00/LNXSYBUS:00/PNP0A03:00/LNXVIDEO:00/input/input3/event2"
[    65.022] (II) XINPUT: Adding extended input device "Video Bus" (type: KEYBOARD, id 8)
[    65.022] (**) Option "xkb_model" "pc105"
[    65.022] (**) Option "xkb_layout" "tr"
[    65.026] (II) event2  - Video Bus: is tagged by udev as: Keyboard
[    65.026] (II) event2  - Video Bus: device is a keyboard
[    65.030] (II) config/udev: Adding input device VirtualBox mouse integration (/dev/input/event7)
[    65.031] (**) VirtualBox mouse integration: Applying InputClass "libinput pointer catchall"
[    65.031] (II) Using input driver 'libinput' for 'VirtualBox mouse integration'
[    65.033] (II) systemd-logind: got fd for /dev/input/event7 13:71 fd 28 paused 0
[    65.033] (**) VirtualBox mouse integration: always reports core events
[    65.033] (**) Option "Device" "/dev/input/event7"
[    65.033] (**) Option "_source" "server/udev"
[    65.035] (II) event7  - VirtualBox mouse integration: is tagged by udev as: Mouse
[    65.035] (II) event7  - VirtualBox mouse integration: device is a pointer
[    65.035] (II) event7  - VirtualBox mouse integration: device removed
[    65.037] (**) Option "config_info" "udev:/sys/devices/pci0000:00/0000:00:04.0/input/input8/event7"
[    65.038] (II) XINPUT: Adding extended input device "VirtualBox mouse integration" (type: MOUSE, id 9)
[    65.038] (**) Option "AccelerationScheme" "none"
[    65.038] (**) VirtualBox mouse integration: (accel) selected scheme none/0
[    65.038] (**) VirtualBox mouse integration: (accel) acceleration factor: 2.000
[    65.038] (**) VirtualBox mouse integration: (accel) acceleration threshold: 4
[    65.043] (II) event7  - VirtualBox mouse integration: is tagged by udev as: Mouse
[    65.043] (II) event7  - VirtualBox mouse integration: device is a pointer
[    65.045] (II) config/udev: Adding input device VirtualBox mouse integration (/dev/input/js1)
[    65.045] (II) No input driver specified, ignoring this device.
[    65.046] (II) This device may have been added with another device file.
[    65.049] (II) config/udev: Adding input device VirtualBox mouse integration (/dev/input/mouse2)
[    65.049] (II) No input driver specified, ignoring this device.
[    65.050] (II) This device may have been added with another device file.
[    65.055] (II) config/udev: Adding input device VirtualBox USB Tablet (/dev/input/event5)
[    65.055] (**) VirtualBox USB Tablet: Applying InputClass "libinput pointer catchall"
[    65.055] (II) Using input driver 'libinput' for 'VirtualBox USB Tablet'
[    65.060] (II) systemd-logind: got fd for /dev/input/event5 13:69 fd 29 paused 0
[    65.060] (**) VirtualBox USB Tablet: always reports core events
[    65.060] (**) Option "Device" "/dev/input/event5"
[    65.060] (**) Option "_source" "server/udev"
[    65.063] (II) event5  - VirtualBox USB Tablet: is tagged by udev as: Mouse
[    65.070] (II) event5  - VirtualBox USB Tablet: device is a pointer
[    65.071] (II) event5  - VirtualBox USB Tablet: device removed
[    65.071] (**) Option "config_info" "udev:/sys/devices/pci0000:00/0000:00:06.0/usb1/1-1/1-1:1.0/0003:80EE:0021.0001/input/input6/event5"
[    65.072] (II) XINPUT: Adding extended input device "VirtualBox USB Tablet" (type: MOUSE, id 10)
[    65.073] (**) Option "AccelerationScheme" "none"
[    65.073] (**) VirtualBox USB Tablet: (accel) selected scheme none/0
[    65.074] (**) VirtualBox USB Tablet: (accel) acceleration factor: 2.000
[    65.074] (**) VirtualBox USB Tablet: (accel) acceleration threshold: 4
[    65.078] (II) event5  - VirtualBox USB Tablet: is tagged by udev as: Mouse
[    65.079] (II) event5  - VirtualBox USB Tablet: device is a pointer
[    65.081] (II) config/udev: Adding input device VirtualBox USB Tablet (/dev/input/js0)
[    65.081] (II) No input driver specified, ignoring this device.
[    65.081] (II) This device may have been added with another device file.
[    65.083] (II) config/udev: Adding input device VirtualBox USB Tablet (/dev/input/mouse1)
[    65.083] (II) No input driver specified, ignoring this device.
[    65.083] (II) This device may have been added with another device file.
[    65.085] (II) config/udev: Adding input device AT Translated Set 2 keyboard (/dev/input/event0)
[    65.085] (**) AT Translated Set 2 keyboard: Applying InputClass "libinput keyboard catchall"
[    65.085] (II) Using input driver 'libinput' for 'AT Translated Set 2 keyboard'
[    65.087] (II) systemd-logind: got fd for /dev/input/event0 13:64 fd 30 paused 0
[    65.087] (**) AT Translated Set 2 keyboard: always reports core events
[    65.087] (**) Option "Device" "/dev/input/event0"
[    65.087] (**) Option "_source" "server/udev"
[    65.089] (II) event0  - AT Translated Set 2 keyboard: is tagged by udev as: Keyboard
[    65.090] (II) event0  - AT Translated Set 2 keyboard: device is a keyboard
[    65.092] (II) event0  - AT Translated Set 2 keyboard: device removed
[    65.092] (**) Option "config_info" "udev:/sys/devices/platform/i8042/serio0/input/input0/event0"
[    65.092] (II) XINPUT: Adding extended input device "AT Translated Set 2 keyboard" (type: KEYBOARD, id 11)
[    65.092] (**) Option "xkb_model" "pc105"
[    65.093] (**) Option "xkb_layout" "tr"
[    65.096] (II) event0  - AT Translated Set 2 keyboard: is tagged by udev as: Keyboard
[    65.096] (II) event0  - AT Translated Set 2 keyboard: device is a keyboard
[    65.099] (II) config/udev: Adding input device ImExPS/2 Generic Explorer Mouse (/dev/input/event4)
[    65.099] (**) ImExPS/2 Generic Explorer Mouse: Applying InputClass "libinput pointer catchall"
[    65.099] (II) Using input driver 'libinput' for 'ImExPS/2 Generic Explorer Mouse'
[    65.101] (II) systemd-logind: got fd for /dev/input/event4 13:68 fd 31 paused 0
[    65.101] (**) ImExPS/2 Generic Explorer Mouse: always reports core events
[    65.101] (**) Option "Device" "/dev/input/event4"
[    65.101] (**) Option "_source" "server/udev"
[    65.103] (II) event4  - ImExPS/2 Generic Explorer Mouse: is tagged by udev as: Mouse
[    65.103] (II) event4  - ImExPS/2 Generic Explorer Mouse: device is a pointer
[    65.105] (II) event4  - ImExPS/2 Generic Explorer Mouse: device removed
[    65.105] (**) Option "config_info" "udev:/sys/devices/platform/i8042/serio1/input/input5/event4"
[    65.106] (II) XINPUT: Adding extended input device "ImExPS/2 Generic Explorer Mouse" (type: MOUSE, id 12)
[    65.106] (**) Option "AccelerationScheme" "none"
[    65.107] (**) ImExPS/2 Generic Explorer Mouse: (accel) selected scheme none/0
[    65.107] (**) ImExPS/2 Generic Explorer Mouse: (accel) acceleration factor: 2.000
[    65.107] (**) ImExPS/2 Generic Explorer Mouse: (accel) acceleration threshold: 4
[    65.110] (II) event4  - ImExPS/2 Generic Explorer Mouse: is tagged by udev as: Mouse
[    65.110] (II) event4  - ImExPS/2 Generic Explorer Mouse: device is a pointer
[    65.112] (II) config/udev: Adding input device ImExPS/2 Generic Explorer Mouse (/dev/input/mouse0)
[    65.113] (II) No input driver specified, ignoring this device.
[    65.113] (II) This device may have been added with another device file.
[    65.114] (II) config/udev: Adding input device PC Speaker (/dev/input/event6)
[    65.114] (II) No input driver specified, ignoring this device.
[    65.114] (II) This device may have been added with another device file.
[    70.863] (EE) No surface to present from.
[   202.395] (EE) event7  - VirtualBox mouse integration: client bug: event processing lagging behind by 11ms, your system is too slow
[   235.117] (II) event7  - VirtualBox mouse integration: SYN_DROPPED event - some input events have been lost.
[   711.064] (II) event7  - VirtualBox mouse integration: SYN_DROPPED event - some input events have been lost.
[   967.368] (EE) event7  - VirtualBox mouse integration: client bug: event processing lagging behind by 14ms, your system is too slow
